2022-12-05T01:10:34.634Z - info: [ui] [AppStore] loading 1 repositories from store
2022-12-05T01:10:34.634Z - info: [ui] [AppStore] found account: TraviPatty03 (TraviPatty03)
2022-12-05T01:10:34.768Z - info: [ui] [BranchPruner] Last prune took place in 19 minutes - skipping
2022-12-05T01:10:34.960Z - info: [ui] launching: 2.6.3-linux1 (Linux 5.15.0-56-generic)
2022-12-05T01:10:34.960Z - info: [ui] execPath: '/usr/lib/github-desktop/github-desktop'
2022-12-05T01:10:42.199Z - info: [ui] [AppStore.withAuthenticatingUser] account found for repository: Unix-Lark - TraviPatty03 (has token)
2022-12-05T01:10:45.386Z - info: [ui] [AppStore.withAuthenticatingUser] account found for repository: Unix-Lark - TraviPatty03 (has token)
2022-12-05T03:27:02.539Z - info: [ui] [AppStore] loading 1 repositories from store
2022-12-05T03:27:02.539Z - info: [ui] [AppStore] found account: TraviPatty03 (TraviPatty03)
2022-12-05T03:27:02.818Z - info: [ui] [BranchPruner] Pruning 0 branches that have been merged into the default branch, main (b5463028e6965e5c241747fab3b89607e9d1c10a), from 'Unix-Lark
2022-12-05T03:27:02.936Z - info: [ui] launching: 2.6.3-linux1 (Linux 5.15.0-56-generic)
2022-12-05T03:27:02.937Z - info: [ui] execPath: '/usr/lib/github-desktop/github-desktop'
2022-12-05T03:27:03.313Z - info: [ui] Stats reported.
2022-12-05T03:27:04.592Z - info: [ui] [AppStore.withAuthenticatingUser] account found for repository: Unix-Lark - TraviPatty03 (has token)
2022-12-05T03:27:07.824Z - info: [ui] [AppStore.withAuthenticatingUser] account found for repository: Unix-Lark - TraviPatty03 (has token)
2022-12-05T03:45:37.747Z - info: [ui] Executing updateIndex: git update-index --add --remove --replace -z --stdin (took 3.653s)
2022-12-05T03:45:38.859Z - info: [ui] Executing createCommit: git commit -F - (took 1.112s)
2022-12-05T03:45:39.006Z - info: [ui] [Timing] Action 'create commit' for 'steampunknation/Unix-Lark' took 4.918s
2022-12-05T03:45:40.654Z - info: [ui] [AppStore.withAuthenticatingUser] account found for repository: Unix-Lark - TraviPatty03 (has token)
2022-12-05T03:45:42.000Z - info: [ui] Executing push: git -c credential.helper= -c protocol.version=2 push origin main:main --progress (took 1.326s)
2022-12-05T03:52:42.888Z - info: [ui] Executing updateIndex: git update-index --add --remove --replace -z --stdin (took 1.840s)
2022-12-05T03:52:43.105Z - info: [ui] [Timing] Action 'create commit' for 'steampunknation/Unix-Lark' took 2.070s
2022-12-05T03:52:45.144Z - info: [ui] [AppStore.withAuthenticatingUser] account found for repository: Unix-Lark - TraviPatty03 (has token)
2022-12-05T03:53:37.551Z - info: [ui] [AppStore.withAuthenticatingUser] account found for repository: Unix-Lark - TraviPatty03 (has token)
